# JRE version: OpenJDK Runtime Environment (7.0_51) (build 1.7.0_51-b00)
# Java VM: OpenJDK Client VM (24.45-b08 mixed mode, sharing linux-x86 )
Heap
 def new generation   total 4736K, used 318K [0x6f780000, 0x6fca0000, 0x7a220000)
  eden space 4224K,   7% used [0x6f780000, 0x6f7cfb18, 0x6fba0000)
  from space 512K,   0% used [0x6fba0000, 0x6fba0000, 0x6fc20000)
  to   space 512K,   0% used [0x6fc20000, 0x6fc20000, 0x6fca0000)
 tenured generation   total 11624K, used 11404K [0x7a220000, 0x7ad7a000, 0x8f780000)
   the space 11624K,  98% used [0x7a220000, 0x7ad43100, 0x7ad43200, 0x7ad7a000)
 compacting perm gen  total 12288K, used 2606K [0x8f780000, 0x90380000, 0x93780000)
   the space 12288K,  21% used [0x8f780000, 0x8fa0b9c8, 0x8fa0ba00, 0x90380000)
    ro space 10240K,  58% used [0x93780000, 0x93d5c810, 0x93d5ca00, 0x94180000)
    rw space 12288K,  59% used [0x94180000, 0x9489ce58, 0x9489d000, 0x94d80000)
GC Heap History (10 events):
Event: 19,761 GC heap after
Heap after GC invocations=11 (full 1):
 def new generation   total 3456K, used 384K [0x6f780000, 0x6fb40000, 0x7a220000)
  eden space 3072K,   0% used [0x6f780000, 0x6f780000, 0x6fa80000)
  from space 384K, 100% used [0x6fae0000, 0x6fb40000, 0x6fb40000)
  to   space 384K,   0% used [0x6fa80000, 0x6fa80000, 0x6fae0000)
 tenured generation   total 7652K, used 6110K [0x7a220000, 0x7a999000, 0x8f780000)
   the space 7652K,  79% used [0x7a220000, 0x7a817b00, 0x7a817c00, 0x7a999000)
 compacting perm gen  total 12288K, used 2400K [0x8f780000, 0x90380000, 0x93780000)
   the space 12288K,  19% used [0x8f780000, 0x8f9d8270, 0x8f9d8400, 0x90380000)
    ro space 10240K,  58% used [0x93780000, 0x93d5c810, 0x93d5ca00, 0x94180000)
    rw space 12288K,  59% used [0x94180000, 0x9489ce58, 0x9489d000, 0x94d80000)
}
Event: 19,825 GC heap before
{Heap before GC invocations=11 (full 1):
 def new generation   total 3456K, used 3456K [0x6f780000, 0x6fb40000, 0x7a220000)
  eden space 3072K, 100% used [0x6f780000, 0x6fa80000, 0x6fa80000)
  from space 384K, 100% used [0x6fae0000, 0x6fb40000, 0x6fb40000)
  to   space 384K,   0% used [0x6fa80000, 0x6fa80000, 0x6fae0000)
 tenured generation   total 7652K, used 6110K [0x7a220000, 0x7a999000, 0x8f780000)
   the space 7652K,  79% used [0x7a220000, 0x7a817b00, 0x7a817c00, 0x7a999000)
 compacting perm gen  total 12288K, used 2407K [0x8f780000, 0x90380000, 0x93780000)
   the space 12288K,  19% used [0x8f780000, 0x8f9d9d30, 0x8f9d9e00, 0x90380000)
    ro space 10240K,  58% used [0x93780000, 0x93d5c810, 0x93d5ca00, 0x94180000)
    rw space 12288K,  59% used [0x94180000, 0x9489ce58, 0x9489d000, 0x94d80000)
Event: 19,879 GC heap after
Heap after GC invocations=12 (full 2):
 def new generation   total 4736K, used 0K [0x6f780000, 0x6fca0000, 0x7a220000)
  eden space 4224K,   0% used [0x6f780000, 0x6f780000, 0x6fba0000)
  from space 512K,   0% used [0x6fba0000, 0x6fba0000, 0x6fc20000)
  to   space 512K,   0% used [0x6fc20000, 0x6fc20000, 0x6fca0000)
 tenured generation   total 10472K, used 6281K [0x7a220000, 0x7ac5a000, 0x8f780000)
   the space 10472K,  59% used [0x7a220000, 0x7a842688, 0x7a842800, 0x7ac5a000)
 compacting perm gen  total 12288K, used 2407K [0x8f780000, 0x90380000, 0x93780000)
   the space 12288K,  19% used [0x8f780000, 0x8f9d9d30, 0x8f9d9e00, 0x90380000)
    ro space 10240K,  58% used [0x93780000, 0x93d5c810, 0x93d5ca00, 0x94180000)
    rw space 12288K,  59% used [0x94180000, 0x9489ce58, 0x9489d000, 0x94d80000)
}
Event: 19,918 GC heap before
{Heap before GC invocations=12 (full 2):
 def new generation   total 4736K, used 4224K [0x6f780000, 0x6fca0000, 0x7a220000)
  eden space 4224K, 100% used [0x6f780000, 0x6fba0000, 0x6fba0000)
  from space 512K,   0% used [0x6fba0000, 0x6fba0000, 0x6fc20000)
  to   space 512K,   0% used [0x6fc20000, 0x6fc20000, 0x6fca0000)
 tenured generation   total 10472K, used 6281K [0x7a220000, 0x7ac5a000, 0x8f780000)
   the space 10472K,  59% used [0x7a220000, 0x7a842688, 0x7a842800, 0x7ac5a000)
 compacting perm gen  total 12288K, used 2407K [0x8f780000, 0x90380000, 0x93780000)
   the space 12288K,  19% used [0x8f780000, 0x8f9d9d40, 0x8f9d9e00, 0x90380000)
    ro space 10240K,  58% used [0x93780000, 0x93d5c810, 0x93d5ca00, 0x94180000)
    rw space 12288K,  59% used [0x94180000, 0x9489ce58, 0x9489d000, 0x94d80000)
Event: 19,930 GC heap after
Heap after GC invocations=13 (full 2):
 def new generation   total 4736K, used 512K [0x6f780000, 0x6fca0000, 0x7a220000)
  eden space 4224K,   0% used [0x6f780000, 0x6f780000, 0x6fba0000)
  from space 512K, 100% used [0x6fc20000, 0x6fca0000, 0x6fca0000)
  to   space 512K,   0% used [0x6fba0000, 0x6fba0000, 0x6fc20000)
 tenured generation   total 10472K, used 8005K [0x7a220000, 0x7ac5a000, 0x8f780000)
   the space 10472K,  76% used [0x7a220000, 0x7a9f1498, 0x7a9f1600, 0x7ac5a000)
 compacting perm gen  total 12288K, used 2407K [0x8f780000, 0x90380000, 0x93780000)
   the space 12288K,  19% used [0x8f780000, 0x8f9d9d40, 0x8f9d9e00, 0x90380000)
    ro space 10240K,  58% used [0x93780000, 0x93d5c810, 0x93d5ca00, 0x94180000)
    rw space 12288K,  59% used [0x94180000, 0x9489ce58, 0x9489d000, 0x94d80000)
}
Event: 20,419 GC heap before
{Heap before GC invocations=13 (full 2):
 def new generation   total 4736K, used 4736K [0x6f780000, 0x6fca0000, 0x7a220000)
  eden space 4224K, 100% used [0x6f780000, 0x6fba0000, 0x6fba0000)
  from space 512K, 100% used [0x6fc20000, 0x6fca0000, 0x6fca0000)
  to   space 512K,   0% used [0x6fba0000, 0x6fba0000, 0x6fc20000)
 tenured generation   total 10472K, used 8005K [0x7a220000, 0x7ac5a000, 0x8f780000)
   the space 10472K,  76% used [0x7a220000, 0x7a9f1498, 0x7a9f1600, 0x7ac5a000)
 compacting perm gen  total 12288K, used 2436K [0x8f780000, 0x90380000, 0x93780000)
   the space 12288K,  19% used [0x8f780000, 0x8f9e13d8, 0x8f9e1400, 0x90380000)
    ro space 10240K,  58% used [0x93780000, 0x93d5c810, 0x93d5ca00, 0x94180000)
    rw space 12288K,  59% used [0x94180000, 0x9489ce58, 0x9489d000, 0x94d80000)
Event: 20,433 GC heap after
Heap after GC invocations=14 (full 2):
 def new generation   total 4736K, used 512K [0x6f780000, 0x6fca0000, 0x7a220000)
  eden space 4224K,   0% used [0x6f780000, 0x6f780000, 0x6fba0000)
  from space 512K, 100% used [0x6fba0000, 0x6fc20000, 0x6fc20000)
  to   space 512K,   0% used [0x6fc20000, 0x6fc20000, 0x6fca0000)
 tenured generation   total 10472K, used 9551K [0x7a220000, 0x7ac5a000, 0x8f780000)
   the space 10472K,  91% used [0x7a220000, 0x7ab73f90, 0x7ab74000, 0x7ac5a000)
 compacting perm gen  total 12288K, used 2436K [0x8f780000, 0x90380000, 0x93780000)
   the space 12288K,  19% used [0x8f780000, 0x8f9e13d8, 0x8f9e1400, 0x90380000)
    ro space 10240K,  58% used [0x93780000, 0x93d5c810, 0x93d5ca00, 0x94180000)
    rw space 12288K,  59% used [0x94180000, 0x9489ce58, 0x9489d000, 0x94d80000)
}
Event: 20,806 GC heap before
{Heap before GC invocations=14 (full 2):
 def new generation   total 4736K, used 4736K [0x6f780000, 0x6fca0000, 0x7a220000)
  eden space 4224K, 100% used [0x6f780000, 0x6fba0000, 0x6fba0000)
  from space 512K, 100% used [0x6fba0000, 0x6fc20000, 0x6fc20000)
  to   space 512K,   0% used [0x6fc20000, 0x6fc20000, 0x6fca0000)
 tenured generation   total 10472K, used 9551K [0x7a220000, 0x7ac5a000, 0x8f780000)
   the space 10472K,  91% used [0x7a220000, 0x7ab73f90, 0x7ab74000, 0x7ac5a000)
 compacting perm gen  total 12288K, used 2450K [0x8f780000, 0x90380000, 0x93780000)
   the space 12288K,  19% used [0x8f780000, 0x8f9e4bd0, 0x8f9e4c00, 0x90380000)
    ro space 10240K,  58% used [0x93780000, 0x93d5c810, 0x93d5ca00, 0x94180000)
    rw space 12288K,  59% used [0x94180000, 0x9489ce58, 0x9489d000, 0x94d80000)
Event: 20,814 GC heap after
Heap after GC invocations=15 (full 2):
 def new generation   total 4736K, used 512K [0x6f780000, 0x6fca0000, 0x7a220000)
  eden space 4224K,   0% used [0x6f780000, 0x6f780000, 0x6fba0000)
  from space 512K, 100% used [0x6fc20000, 0x6fca0000, 0x6fca0000)
  to   space 512K,   0% used [0x6fba0000, 0x6fba0000, 0x6fc20000)
 tenured generation   total 10472K, used 10122K [0x7a220000, 0x7ac5a000, 0x8f780000)
   the space 10472K,  96% used [0x7a220000, 0x7ac02b60, 0x7ac02c00, 0x7ac5a000)
 compacting perm gen  total 12288K, used 2450K [0x8f780000, 0x90380000, 0x93780000)
   the space 12288K,  19% used [0x8f780000, 0x8f9e4bd0, 0x8f9e4c00, 0x90380000)
    ro space 10240K,  58% used [0x93780000, 0x93d5c810, 0x93d5ca00, 0x94180000)
    rw space 12288K,  59% used [0x94180000, 0x9489ce58, 0x9489d000, 0x94d80000)
}
Event: 21,656 GC heap before
{Heap before GC invocations=15 (full 2):
 def new generation   total 4736K, used 4736K [0x6f780000, 0x6fca0000, 0x7a220000)
  eden space 4224K, 100% used [0x6f780000, 0x6fba0000, 0x6fba0000)
  from space 512K, 100% used [0x6fc20000, 0x6fca0000, 0x6fca0000)
  to   space 512K,   0% used [0x6fba0000, 0x6fba0000, 0x6fc20000)
 tenured generation   total 10472K, used 10122K [0x7a220000, 0x7ac5a000, 0x8f780000)
   the space 10472K,  96% used [0x7a220000, 0x7ac02b60, 0x7ac02c00, 0x7ac5a000)
 compacting perm gen  total 12288K, used 2606K [0x8f780000, 0x90380000, 0x93780000)
   the space 12288K,  21% used [0x8f780000, 0x8fa0b9c8, 0x8fa0ba00, 0x90380000)
    ro space 10240K,  58% used [0x93780000, 0x93d5c810, 0x93d5ca00, 0x94180000)
    rw space 12288K,  59% used [0x94180000, 0x9489ce58, 0x9489d000, 0x94d80000)

