# JRE version: OpenJDK Runtime Environment (7.0_51) (build 1.7.0_51-b00)
# Java VM: OpenJDK Client VM (24.45-b08 mixed mode, sharing linux-x86 )
Heap
 def new generation   total 2432K, used 793K [0x6f780000, 0x6fa20000, 0x7a220000)
  eden space 2176K,  24% used [0x6f780000, 0x6f806560, 0x6f9a0000)
  from space 256K, 100% used [0x6f9a0000, 0x6f9e0000, 0x6f9e0000)
  to   space 256K,   0% used [0x6f9e0000, 0x6f9e0000, 0x6fa20000)
 tenured generation   total 5504K, used 2046K [0x7a220000, 0x7a780000, 0x8f780000)
   the space 5504K,  37% used [0x7a220000, 0x7a41f870, 0x7a41fa00, 0x7a780000)
 compacting perm gen  total 12288K, used 1679K [0x8f780000, 0x90380000, 0x93780000)
   the space 12288K,  13% used [0x8f780000, 0x8f923c28, 0x8f923e00, 0x90380000)
    ro space 10240K,  58% used [0x93780000, 0x93d5c810, 0x93d5ca00, 0x94180000)
    rw space 12288K,  59% used [0x94180000, 0x9489ce58, 0x9489d000, 0x94d80000)
GC Heap History (8 events):
Event: 2,947 GC heap before
{Heap before GC invocations=0 (full 0):
 def new generation   total 2432K, used 2176K [0x6f780000, 0x6fa20000, 0x7a220000)
  eden space 2176K, 100% used [0x6f780000, 0x6f9a0000, 0x6f9a0000)
  from space 256K,   0% used [0x6f9a0000, 0x6f9a0000, 0x6f9e0000)
  to   space 256K,   0% used [0x6f9e0000, 0x6f9e0000, 0x6fa20000)
 tenured generation   total 5504K, used 0K [0x7a220000, 0x7a780000, 0x8f780000)
   the space 5504K,   0% used [0x7a220000, 0x7a220000, 0x7a220200, 0x7a780000)
 compacting perm gen  total 12288K, used 465K [0x8f780000, 0x90380000, 0x93780000)
   the space 12288K,   3% used [0x8f780000, 0x8f7f4450, 0x8f7f4600, 0x90380000)
    ro space 10240K,  58% used [0x93780000, 0x93d5c810, 0x93d5ca00, 0x94180000)
    rw space 12288K,  59% used [0x94180000, 0x9489ce58, 0x9489d000, 0x94d80000)
Event: 2,953 GC heap after
Heap after GC invocations=1 (full 0):
 def new generation   total 2432K, used 256K [0x6f780000, 0x6fa20000, 0x7a220000)
  eden space 2176K,   0% used [0x6f780000, 0x6f780000, 0x6f9a0000)
  from space 256K, 100% used [0x6f9e0000, 0x6fa20000, 0x6fa20000)
  to   space 256K,   0% used [0x6f9a0000, 0x6f9a0000, 0x6f9e0000)
 tenured generation   total 5504K, used 417K [0x7a220000, 0x7a780000, 0x8f780000)
   the space 5504K,   7% used [0x7a220000, 0x7a288610, 0x7a288800, 0x7a780000)
 compacting perm gen  total 12288K, used 465K [0x8f780000, 0x90380000, 0x93780000)
   the space 12288K,   3% used [0x8f780000, 0x8f7f4450, 0x8f7f4600, 0x90380000)
    ro space 10240K,  58% used [0x93780000, 0x93d5c810, 0x93d5ca00, 0x94180000)
    rw space 12288K,  59% used [0x94180000, 0x9489ce58, 0x9489d000, 0x94d80000)
}
Event: 3,182 GC heap before
{Heap before GC invocations=1 (full 0):
 def new generation   total 2432K, used 2394K [0x6f780000, 0x6fa20000, 0x7a220000)
  eden space 2176K,  98% used [0x6f780000, 0x6f996988, 0x6f9a0000)
  from space 256K, 100% used [0x6f9e0000, 0x6fa20000, 0x6fa20000)
  to   space 256K,   0% used [0x6f9a0000, 0x6f9a0000, 0x6f9e0000)
 tenured generation   total 5504K, used 417K [0x7a220000, 0x7a780000, 0x8f780000)
   the space 5504K,   7% used [0x7a220000, 0x7a288610, 0x7a288800, 0x7a780000)
 compacting perm gen  total 12288K, used 839K [0x8f780000, 0x90380000, 0x93780000)
   the space 12288K,   6% used [0x8f780000, 0x8f851c70, 0x8f851e00, 0x90380000)
    ro space 10240K,  58% used [0x93780000, 0x93d5c810, 0x93d5ca00, 0x94180000)
    rw space 12288K,  59% used [0x94180000, 0x9489ce58, 0x9489d000, 0x94d80000)
Event: 3,189 GC heap after
Heap after GC invocations=2 (full 0):
 def new generation   total 2432K, used 255K [0x6f780000, 0x6fa20000, 0x7a220000)
  eden space 2176K,   0% used [0x6f780000, 0x6f780000, 0x6f9a0000)
  from space 256K,  99% used [0x6f9a0000, 0x6f9dfff8, 0x6f9e0000)
  to   space 256K,   0% used [0x6f9e0000, 0x6f9e0000, 0x6fa20000)
 tenured generation   total 5504K, used 1154K [0x7a220000, 0x7a780000, 0x8f780000)
   the space 5504K,  20% used [0x7a220000, 0x7a340bd0, 0x7a340c00, 0x7a780000)
 compacting perm gen  total 12288K, used 839K [0x8f780000, 0x90380000, 0x93780000)
   the space 12288K,   6% used [0x8f780000, 0x8f851c70, 0x8f851e00, 0x90380000)
    ro space 10240K,  58% used [0x93780000, 0x93d5c810, 0x93d5ca00, 0x94180000)
    rw space 12288K,  59% used [0x94180000, 0x9489ce58, 0x9489d000, 0x94d80000)
}
Event: 3,400 GC heap before
{Heap before GC invocations=2 (full 0):
 def new generation   total 2432K, used 2431K [0x6f780000, 0x6fa20000, 0x7a220000)
  eden space 2176K, 100% used [0x6f780000, 0x6f9a0000, 0x6f9a0000)
  from space 256K,  99% used [0x6f9a0000, 0x6f9dfff8, 0x6f9e0000)
  to   space 256K,   0% used [0x6f9e0000, 0x6f9e0000, 0x6fa20000)
 tenured generation   total 5504K, used 1154K [0x7a220000, 0x7a780000, 0x8f780000)
   the space 5504K,  20% used [0x7a220000, 0x7a340bd0, 0x7a340c00, 0x7a780000)
 compacting perm gen  total 12288K, used 1221K [0x8f780000, 0x90380000, 0x93780000)
   the space 12288K,   9% used [0x8f780000, 0x8f8b15a0, 0x8f8b1600, 0x90380000)
    ro space 10240K,  58% used [0x93780000, 0x93d5c810, 0x93d5ca00, 0x94180000)
    rw space 12288K,  59% used [0x94180000, 0x9489ce58, 0x9489d000, 0x94d80000)
Event: 3,405 GC heap after
Heap after GC invocations=3 (full 0):
 def new generation   total 2432K, used 255K [0x6f780000, 0x6fa20000, 0x7a220000)
  eden space 2176K,   0% used [0x6f780000, 0x6f780000, 0x6f9a0000)
  from space 256K,  99% used [0x6f9e0000, 0x6fa1fff8, 0x6fa20000)
  to   space 256K,   0% used [0x6f9a0000, 0x6f9a0000, 0x6f9e0000)
 tenured generation   total 5504K, used 1654K [0x7a220000, 0x7a780000, 0x8f780000)
   the space 5504K,  30% used [0x7a220000, 0x7a3bd838, 0x7a3bda00, 0x7a780000)
 compacting perm gen  total 12288K, used 1221K [0x8f780000, 0x90380000, 0x93780000)
   the space 12288K,   9% used [0x8f780000, 0x8f8b15a0, 0x8f8b1600, 0x90380000)
    ro space 10240K,  58% used [0x93780000, 0x93d5c810, 0x93d5ca00, 0x94180000)
    rw space 12288K,  59% used [0x94180000, 0x9489ce58, 0x9489d000, 0x94d80000)
}
Event: 3,499 GC heap before
{Heap before GC invocations=3 (full 0):
 def new generation   total 2432K, used 2428K [0x6f780000, 0x6fa20000, 0x7a220000)
  eden space 2176K,  99% used [0x6f780000, 0x6f99f3e0, 0x6f9a0000)
  from space 256K,  99% used [0x6f9e0000, 0x6fa1fff8, 0x6fa20000)
  to   space 256K,   0% used [0x6f9a0000, 0x6f9a0000, 0x6f9e0000)
 tenured generation   total 5504K, used 1654K [0x7a220000, 0x7a780000, 0x8f780000)
   the space 5504K,  30% used [0x7a220000, 0x7a3bd838, 0x7a3bda00, 0x7a780000)
 compacting perm gen  total 12288K, used 1582K [0x8f780000, 0x90380000, 0x93780000)
   the space 12288K,  12% used [0x8f780000, 0x8f90bb88, 0x8f90bc00, 0x90380000)
    ro space 10240K,  58% used [0x93780000, 0x93d5c810, 0x93d5ca00, 0x94180000)
    rw space 12288K,  59% used [0x94180000, 0x9489ce58, 0x9489d000, 0x94d80000)
Event: 3,502 GC heap after
Heap after GC invocations=4 (full 0):
 def new generation   total 2432K, used 256K [0x6f780000, 0x6fa20000, 0x7a220000)
  eden space 2176K,   0% used [0x6f780000, 0x6f780000, 0x6f9a0000)
  from space 256K, 100% used [0x6f9a0000, 0x6f9e0000, 0x6f9e0000)
  to   space 256K,   0% used [0x6f9e0000, 0x6f9e0000, 0x6fa20000)
 tenured generation   total 5504K, used 2046K [0x7a220000, 0x7a780000, 0x8f780000)
   the space 5504K,  37% used [0x7a220000, 0x7a41f870, 0x7a41fa00, 0x7a780000)
 compacting perm gen  total 12288K, used 1582K [0x8f780000, 0x90380000, 0x93780000)
   the space 12288K,  12% used [0x8f780000, 0x8f90bb88, 0x8f90bc00, 0x90380000)
    ro space 10240K,  58% used [0x93780000, 0x93d5c810, 0x93d5ca00, 0x94180000)
    rw space 12288K,  59% used [0x94180000, 0x9489ce58, 0x9489d000, 0x94d80000)
}

