# JRE version: OpenJDK Runtime Environment (7.0_51) (build 1.7.0_51-b00)
# Java VM: OpenJDK Server VM (24.45-b08 mixed mode linux-x86 )
Heap
 PSYoungGen      total 426496K, used 0K [0x8b1c0000, 0xab1c0000, 0xab1c0000)
  eden space 358912K, 0% used [0x8b1c0000,0x8b1c0000,0xa1040000)
  from space 67584K, 0% used [0xa5200000,0xa5200000,0xa9400000)
  to   space 67328K, 0% used [0xa1040000,0xa1040000,0xa5200000)
 ParOldGen       total 349696K, used 142148K [0x4b1c0000, 0x60740000, 0x8b1c0000)
  object space 349696K, 40% used [0x4b1c0000,0x53c910f8,0x60740000)
 PSPermGen       total 104192K, used 94669K [0x2b1c0000, 0x31780000, 0x4b1c0000)
  object space 104192K, 90% used [0x2b1c0000,0x30e33760,0x31780000)
GC Heap History (10 events):
Event: 7554,616 GC heap after
Heap after GC invocations=44 (full 0):
 PSYoungGen      total 457728K, used 34146K [0x8b1c0000, 0xab1c0000, 0xab1c0000)
  eden space 392704K, 0% used [0x8b1c0000,0x8b1c0000,0xa3140000)
  from space 65024K, 52% used [0xa7240000,0xa9398a70,0xab1c0000)
  to   space 65792K, 0% used [0xa3140000,0xa3140000,0xa7180000)
 ParOldGen       total 349696K, used 315547K [0x4b1c0000, 0x60740000, 0x8b1c0000)
  object space 349696K, 90% used [0x4b1c0000,0x5e5e6ca0,0x60740000)
 PSPermGen       total 102656K, used 102634K [0x2b1c0000, 0x31600000, 0x4b1c0000)
  object space 102656K, 99% used [0x2b1c0000,0x315faa78,0x31600000)
}
Event: 7614,528 GC heap before
{Heap before GC invocations=45 (full 0):
 PSYoungGen      total 457728K, used 426850K [0x8b1c0000, 0xab1c0000, 0xab1c0000)
  eden space 392704K, 100% used [0x8b1c0000,0xa3140000,0xa3140000)
  from space 65024K, 52% used [0xa7240000,0xa9398a70,0xab1c0000)
  to   space 65792K, 0% used [0xa3140000,0xa3140000,0xa7180000)
 ParOldGen       total 349696K, used 315547K [0x4b1c0000, 0x60740000, 0x8b1c0000)
  object space 349696K, 90% used [0x4b1c0000,0x5e5e6ca0,0x60740000)
 PSPermGen       total 102912K, used 102824K [0x2b1c0000, 0x31640000, 0x4b1c0000)
  object space 102912K, 99% used [0x2b1c0000,0x3162a078,0x31640000)
Event: 7614,548 GC heap after
Heap after GC invocations=45 (full 0):
 PSYoungGen      total 380928K, used 2718K [0x8b1c0000, 0xaa100000, 0xab1c0000)
  eden space 378112K, 0% used [0x8b1c0000,0x8b1c0000,0xa2300000)
  from space 2816K, 96% used [0xa3140000,0xa33e7a18,0xa3400000)
  to   space 64512K, 0% used [0xa6200000,0xa6200000,0xaa100000)
 ParOldGen       total 349696K, used 315697K [0x4b1c0000, 0x60740000, 0x8b1c0000)
  object space 349696K, 90% used [0x4b1c0000,0x5e60c570,0x60740000)
 PSPermGen       total 102912K, used 102824K [0x2b1c0000, 0x31640000, 0x4b1c0000)
  object space 102912K, 99% used [0x2b1c0000,0x3162a078,0x31640000)
}
Event: 7627,202 GC heap before
{Heap before GC invocations=46 (full 0):
 PSYoungGen      total 380928K, used 380830K [0x8b1c0000, 0xaa100000, 0xab1c0000)
  eden space 378112K, 100% used [0x8b1c0000,0xa2300000,0xa2300000)
  from space 2816K, 96% used [0xa3140000,0xa33e7a18,0xa3400000)
  to   space 64512K, 0% used [0xa6200000,0xa6200000,0xaa100000)
 ParOldGen       total 349696K, used 315697K [0x4b1c0000, 0x60740000, 0x8b1c0000)
  object space 349696K, 90% used [0x4b1c0000,0x5e60c570,0x60740000)
 PSPermGen       total 103168K, used 103067K [0x2b1c0000, 0x31680000, 0x4b1c0000)
  object space 103168K, 99% used [0x2b1c0000,0x31666fc8,0x31680000)
Event: 7627,456 GC heap after
Heap after GC invocations=46 (full 0):
 PSYoungGen      total 436736K, used 47817K [0x8b1c0000, 0xab1c0000, 0xab1c0000)
  eden space 372224K, 0% used [0x8b1c0000,0x8b1c0000,0xa1d40000)
  from space 64512K, 74% used [0xa6200000,0xa90b2770,0xaa100000)
  to   space 70400K, 0% used [0xa1d40000,0xa1d40000,0xa6200000)
 ParOldGen       total 349696K, used 315793K [0x4b1c0000, 0x60740000, 0x8b1c0000)
  object space 349696K, 90% used [0x4b1c0000,0x5e6245c0,0x60740000)
 PSPermGen       total 103168K, used 103067K [0x2b1c0000, 0x31680000, 0x4b1c0000)
  object space 103168K, 99% used [0x2b1c0000,0x31666fc8,0x31680000)
}
Event: 7652,256 GC heap before
{Heap before GC invocations=47 (full 0):
 PSYoungGen      total 436736K, used 420041K [0x8b1c0000, 0xab1c0000, 0xab1c0000)
  eden space 372224K, 100% used [0x8b1c0000,0xa1d40000,0xa1d40000)
  from space 64512K, 74% used [0xa6200000,0xa90b2770,0xaa100000)
  to   space 70400K, 0% used [0xa1d40000,0xa1d40000,0xa6200000)
 ParOldGen       total 349696K, used 315793K [0x4b1c0000, 0x60740000, 0x8b1c0000)
  object space 349696K, 90% used [0x4b1c0000,0x5e6245c0,0x60740000)
 PSPermGen       total 103936K, used 103790K [0x2b1c0000, 0x31740000, 0x4b1c0000)
  object space 103936K, 99% used [0x2b1c0000,0x3171bb50,0x31740000)
Event: 7652,387 GC heap after
Heap after GC invocations=47 (full 0):
 PSYoungGen      total 386304K, used 27620K [0x8b1c0000, 0xa9400000, 0xab1c0000)
  eden space 358656K, 0% used [0x8b1c0000,0x8b1c0000,0xa1000000)
  from space 27648K, 99% used [0xa1d40000,0xa3839120,0xa3840000)
  to   space 67584K, 0% used [0xa5200000,0xa5200000,0xa9400000)
 ParOldGen       total 349696K, used 316947K [0x4b1c0000, 0x60740000, 0x8b1c0000)
  object space 349696K, 90% used [0x4b1c0000,0x5e744f00,0x60740000)
 PSPermGen       total 103936K, used 103790K [0x2b1c0000, 0x31740000, 0x4b1c0000)
  object space 103936K, 99% used [0x2b1c0000,0x3171bb50,0x31740000)
}
Event: 7664,834 GC heap before
{Heap before GC invocations=48 (full 0):
 PSYoungGen      total 386304K, used 386276K [0x8b1c0000, 0xa9400000, 0xab1c0000)
  eden space 358656K, 100% used [0x8b1c0000,0xa1000000,0xa1000000)
  from space 27648K, 99% used [0xa1d40000,0xa3839120,0xa3840000)
  to   space 67584K, 0% used [0xa5200000,0xa5200000,0xa9400000)
 ParOldGen       total 349696K, used 316947K [0x4b1c0000, 0x60740000, 0x8b1c0000)
  object space 349696K, 90% used [0x4b1c0000,0x5e744f00,0x60740000)
 PSPermGen       total 104192K, used 103958K [0x2b1c0000, 0x31780000, 0x4b1c0000)
  object space 104192K, 99% used [0x2b1c0000,0x31745b40,0x31780000)
Event: 7665,157 GC heap after
Heap after GC invocations=48 (full 0):
 PSYoungGen      total 426496K, used 33674K [0x8b1c0000, 0xab1c0000, 0xab1c0000)
  eden space 358912K, 0% used [0x8b1c0000,0x8b1c0000,0xa1040000)
  from space 67584K, 49% used [0xa5200000,0xa72e2a18,0xa9400000)
  to   space 67328K, 0% used [0xa1040000,0xa1040000,0xa5200000)
 ParOldGen       total 349696K, used 341998K [0x4b1c0000, 0x60740000, 0x8b1c0000)
  object space 349696K, 97% used [0x4b1c0000,0x5ffbba08,0x60740000)
 PSPermGen       total 104192K, used 103958K [0x2b1c0000, 0x31780000, 0x4b1c0000)
  object space 104192K, 99% used [0x2b1c0000,0x31745b40,0x31780000)
}
Event: 7665,157 GC heap before
{Heap before GC invocations=49 (full 1):
 PSYoungGen      total 426496K, used 33674K [0x8b1c0000, 0xab1c0000, 0xab1c0000)
  eden space 358912K, 0% used [0x8b1c0000,0x8b1c0000,0xa1040000)
  from space 67584K, 49% used [0xa5200000,0xa72e2a18,0xa9400000)
  to   space 67328K, 0% used [0xa1040000,0xa1040000,0xa5200000)
 ParOldGen       total 349696K, used 341998K [0x4b1c0000, 0x60740000, 0x8b1c0000)
  object space 349696K, 97% used [0x4b1c0000,0x5ffbba08,0x60740000)
 PSPermGen       total 104192K, used 103958K [0x2b1c0000, 0x31780000, 0x4b1c0000)
  object space 104192K, 99% used [0x2b1c0000,0x31745b40,0x31780000)

